<?xml version="1.0" encoding="UTF-8"?>
<testng-results ignored="0" total="1" passed="0" failed="1" skipped="0">
  <reporter-output>
    <line>
      <![CDATA[Logo is Displayed]]>
    </line>
    <line>
      <![CDATA[Peacefulness]]>
    </line>
  </reporter-output>
  <suite started-at="2023-02-22T14:00:55 IST" name="Default suite" finished-at="2023-02-22T14:01:04 IST" duration-ms="8921">
    <groups>
    </groups>
    <test started-at="2023-02-22T14:00:55 IST" name="Default test" finished-at="2023-02-22T14:01:04 IST" duration-ms="8921">
      <class name="com.pf.homepage.TC001">
        <test-method signature="tc001txt1()[pri:1, instance:com.pf.homepage.TC001@4c1909a3]" started-at="2023-02-22T14:00:55 IST" name="tc001txt1" finished-at="2023-02-22T14:01:04 IST" duration-ms="8903" status="FAIL">
          <exception class="java.lang.AssertionError">
            <message>
              <![CDATA[expected [img/HFN_Peacefulness_Logo_ai_Peacefulness_Uniting-hearts_Logo_horizontal_black.png] but found [https://master.d2rw13x98c31hq.amplifyapp.com/Peacefulness_Logo.webp]]]>
            </message>
            <full-stacktrace>
              <![CDATA[java.lang.AssertionError: expected [img/HFN_Peacefulness_Logo_ai_Peacefulness_Uniting-hearts_Logo_horizontal_black.png] but found [https://master.d2rw13x98c31hq.amplifyapp.com/Peacefulness_Logo.webp]
at org.testng.Assert.fail(Assert.java:110)
at org.testng.Assert.failNotEquals(Assert.java:1577)
at org.testng.Assert.assertEqualsImpl(Assert.java:149)
at org.testng.Assert.assertEquals(Assert.java:131)
at org.testng.Assert.assertEquals(Assert.java:655)
at org.testng.Assert.assertEquals(Assert.java:665)
at com.pf.homepage.TC001.tc001txt1(TC001.java:32)
at java.base/jdk.internal.reflect.NativeMethodAccessorImpl.invoke0(Native Method)
at java.base/jdk.internal.reflect.NativeMethodAccessorImpl.invoke(NativeMethodAccessorImpl.java:77)
at java.base/jdk.internal.reflect.DelegatingMethodAccessorImpl.invoke(DelegatingMethodAccessorImpl.java:43)
at java.base/java.lang.reflect.Method.invoke(Method.java:568)
at org.testng.internal.invokers.MethodInvocationHelper.invokeMethod(MethodInvocationHelper.java:139)
at org.testng.internal.invokers.TestInvoker.invokeMethod(TestInvoker.java:677)
at org.testng.internal.invokers.TestInvoker.invokeTestMethod(TestInvoker.java:221)
at org.testng.internal.invokers.MethodRunner.runInSequence(MethodRunner.java:50)
at org.testng.internal.invokers.TestInvoker$MethodInvocationAgent.invoke(TestInvoker.java:969)
at org.testng.internal.invokers.TestInvoker.invokeTestMethods(TestInvoker.java:194)
at org.testng.internal.invokers.TestMethodWorker.invokeTestMethods(TestMethodWorker.java:148)
at org.testng.internal.invokers.TestMethodWorker.run(TestMethodWorker.java:128)
at java.base/java.util.ArrayList.forEach(ArrayList.java:1511)
at org.testng.TestRunner.privateRun(TestRunner.java:829)
at org.testng.TestRunner.run(TestRunner.java:602)
at org.testng.SuiteRunner.runTest(SuiteRunner.java:437)
at org.testng.SuiteRunner.runSequentially(SuiteRunner.java:431)
at org.testng.SuiteRunner.privateRun(SuiteRunner.java:391)
at org.testng.SuiteRunner.run(SuiteRunner.java:330)
at org.testng.SuiteRunnerWorker.runSuite(SuiteRunnerWorker.java:52)
at org.testng.SuiteRunnerWorker.run(SuiteRunnerWorker.java:95)
at org.testng.TestNG.runSuitesSequentially(TestNG.java:1256)
at org.testng.TestNG.runSuitesLocally(TestNG.java:1176)
at org.testng.TestNG.runSuites(TestNG.java:1099)
at org.testng.TestNG.run(TestNG.java:1067)
at org.testng.remote.AbstractRemoteTestNG.run(AbstractRemoteTestNG.java:115)
at org.testng.remote.RemoteTestNG.initAndRun(RemoteTestNG.java:251)
at org.testng.remote.RemoteTestNG.main(RemoteTestNG.java:77)
]]>
            </full-stacktrace>
          </exception> <!-- java.lang.AssertionError -->
          <reporter-output>
            <line>
              <![CDATA[Logo is Displayed]]>
            </line>
            <line>
              <![CDATA[Peacefulness]]>
            </line>
          </reporter-output>
        </test-method> <!-- tc001txt1 -->
      </class> <!-- com.pf.homepage.TC001 -->
    </test> <!-- Default test -->
  </suite> <!-- Default suite -->
</testng-results>
